<?xml version="1.0" encoding="UTF-8"?>
<coverage generated="1571425068496" clover="3.2.0">
  <project timestamp="1571425068497" name="All files">
    <metrics statements="25" coveredstatements="20" conditionals="5" coveredconditionals="0" methods="11" coveredmethods="5" elements="41" coveredelements="25" complexity="0" loc="25" ncloc="25" packages="3" files="3" classes="3"/>
    <package name="components.Counter">
      <metrics statements="11" coveredstatements="9" conditionals="0" coveredconditionals="0" methods="5" coveredmethods="3"/>
      <file name="Counter.js" path="D:\projects\react-app\src\components\Counter\Counter.js">
        <metrics statements="11" coveredstatements="9" conditionals="0" coveredconditionals="0" methods="5" coveredmethods="3"/>
        <line num="6" count="1" type="stmt"/>
        <line num="7" count="6" type="stmt"/>
        <line num="10" count="4" type="stmt"/>
        <line num="11" count="4" type="stmt"/>
        <line num="12" count="0" type="stmt"/>
        <line num="15" count="4" type="stmt"/>
        <line num="16" count="0" type="stmt"/>
        <line num="20" count="4" type="stmt"/>
        <line num="31" count="1" type="stmt"/>
        <line num="32" count="4" type="stmt"/>
        <line num="37" count="1" type="stmt"/>
      </file>
    </package>
    <package name="helpers">
      <metrics statements="6" coveredstatements="4" conditionals="0" coveredconditionals="0" methods="2" coveredmethods="1"/>
      <file name="tests.js" path="D:\projects\react-app\src\helpers\tests.js">
        <metrics statements="6" coveredstatements="4" conditionals="0" coveredconditionals="0" methods="2" coveredmethods="1"/>
        <line num="3" count="1" type="stmt"/>
        <line num="4" count="0" type="stmt"/>
        <line num="5" count="0" type="stmt"/>
        <line num="8" count="1" type="stmt"/>
        <line num="9" count="1" type="stmt"/>
        <line num="10" count="1" type="stmt"/>
      </file>
    </package>
    <package name="store.reducers">
      <metrics statements="8" coveredstatements="7" conditionals="5" coveredconditionals="0" methods="4" coveredmethods="1"/>
      <file name="counter.js" path="D:\projects\react-app\src\store\reducers\counter.js">
        <metrics statements="8" coveredstatements="7" conditionals="5" coveredconditionals="0" methods="4" coveredmethods="1"/>
        <line num="1" count="1" type="stmt"/>
        <line num="2" count="1" type="stmt"/>
        <line num="4" count="1" type="stmt"/>
        <line num="5" count="1" type="stmt"/>
        <line num="7" count="1" type="stmt"/>
        <line num="8" count="1" type="cond" truecount="0" falsecount="1"/>
        <line num="9" count="0" type="cond" truecount="0" falsecount="2"/>
        <line num="14" count="6" type="stmt"/>
      </file>
    </package>
  </project>
</coverage>
