{"D:\\projects\\react-app\\src\\components\\Counter\\Counter.js": {"path":"D:\\projects\\react-app\\src\\components\\Counter\\Counter.js","statementMap":{"0":{"start":{"line":6,"column":16},"end":{"line":29,"column":1}},"1":{"start":{"line":7,"column":18},"end":{"line":9,"column":4}},"2":{"start":{"line":7,"column":40},"end":{"line":9,"column":2}},"3":{"start":{"line":10,"column":18},"end":{"line":10,"column":31}},"4":{"start":{"line":11,"column":26},"end":{"line":14,"column":2}},"5":{"start":{"line":12,"column":8},"end":{"line":12,"column":29}},"6":{"start":{"line":15,"column":26},"end":{"line":18,"column":2}},"7":{"start":{"line":16,"column":8},"end":{"line":16,"column":29}},"8":{"start":{"line":20,"column":1},"end":{"line":28,"column":3}},"9":{"start":{"line":31,"column":24},"end":{"line":33,"column":2}},"10":{"start":{"line":32,"column":1},"end":{"line":32,"column":86}},"11":{"start":{"line":37,"column":0},"end":{"line":41,"column":2}}},"fnMap":{"0":{"name":"(anonymous_0)","decl":{"start":{"line":6,"column":16},"end":{"line":6,"column":17}},"loc":{"start":{"line":6,"column":22},"end":{"line":29,"column":1}},"line":6},"1":{"name":"(anonymous_1)","decl":{"start":{"line":7,"column":30},"end":{"line":7,"column":31}},"loc":{"start":{"line":7,"column":40},"end":{"line":9,"column":2}},"line":7},"2":{"name":"(anonymous_2)","decl":{"start":{"line":12,"column":2},"end":{"line":12,"column":3}},"loc":{"start":{"line":12,"column":8},"end":{"line":12,"column":29}},"line":12},"3":{"name":"(anonymous_3)","decl":{"start":{"line":16,"column":2},"end":{"line":16,"column":3}},"loc":{"start":{"line":16,"column":8},"end":{"line":16,"column":29}},"line":16},"4":{"name":"(anonymous_4)","decl":{"start":{"line":31,"column":35},"end":{"line":31,"column":36}},"loc":{"start":{"line":32,"column":1},"end":{"line":32,"column":86}},"line":32}},"branchMap":{},"s":{"0":2,"1":7,"2":11,"3":7,"4":7,"5":1,"6":7,"7":0,"8":7,"9":2,"10":9,"11":2},"f":{"0":7,"1":11,"2":1,"3":0,"4":9},"b":{},"_coverageSchema":"43e27e138ebf9cfc5966b082cf9a028302ed4184","hash":"fa91724567a113333bdb012ec714ae7d20c6358b"}
,"D:\\projects\\react-app\\src\\helpers\\index.js": {"path":"D:\\projects\\react-app\\src\\helpers\\index.js","statementMap":{"0":{"start":{"line":1,"column":23},"end":{"line":1,"column":83}},"1":{"start":{"line":1,"column":35},"end":{"line":1,"column":83}},"2":{"start":{"line":1,"column":56},"end":{"line":1,"column":82}},"3":{"start":{"line":1,"column":69},"end":{"line":1,"column":82}},"4":{"start":{"line":2,"column":20},"end":{"line":2,"column":85}},"5":{"start":{"line":2,"column":32},"end":{"line":2,"column":85}},"6":{"start":{"line":2,"column":58},"end":{"line":2,"column":84}},"7":{"start":{"line":2,"column":71},"end":{"line":2,"column":84}},"8":{"start":{"line":3,"column":21},"end":{"line":3,"column":132}},"9":{"start":{"line":3,"column":58},"end":{"line":3,"column":131}},"10":{"start":{"line":4,"column":20},"end":{"line":4,"column":64}},"11":{"start":{"line":4,"column":40},"end":{"line":4,"column":63}},"12":{"start":{"line":5,"column":21},"end":{"line":5,"column":74}},"13":{"start":{"line":5,"column":44},"end":{"line":5,"column":72}}},"fnMap":{"0":{"name":"(anonymous_0)","decl":{"start":{"line":1,"column":23},"end":{"line":1,"column":24}},"loc":{"start":{"line":1,"column":35},"end":{"line":1,"column":83}},"line":1},"1":{"name":"(anonymous_1)","decl":{"start":{"line":1,"column":46},"end":{"line":1,"column":47}},"loc":{"start":{"line":1,"column":56},"end":{"line":1,"column":82}},"line":1},"2":{"name":"(anonymous_2)","decl":{"start":{"line":1,"column":56},"end":{"line":1,"column":57}},"loc":{"start":{"line":1,"column":69},"end":{"line":1,"column":82}},"line":1},"3":{"name":"(anonymous_3)","decl":{"start":{"line":2,"column":20},"end":{"line":2,"column":21}},"loc":{"start":{"line":2,"column":32},"end":{"line":2,"column":85}},"line":2},"4":{"name":"(anonymous_4)","decl":{"start":{"line":2,"column":48},"end":{"line":2,"column":49}},"loc":{"start":{"line":2,"column":58},"end":{"line":2,"column":84}},"line":2},"5":{"name":"(anonymous_5)","decl":{"start":{"line":2,"column":58},"end":{"line":2,"column":59}},"loc":{"start":{"line":2,"column":71},"end":{"line":2,"column":84}},"line":2},"6":{"name":"(anonymous_6)","decl":{"start":{"line":3,"column":21},"end":{"line":3,"column":22}},"loc":{"start":{"line":3,"column":58},"end":{"line":3,"column":131}},"line":3},"7":{"name":"(anonymous_7)","decl":{"start":{"line":4,"column":26},"end":{"line":4,"column":27}},"loc":{"start":{"line":4,"column":40},"end":{"line":4,"column":63}},"line":4},"8":{"name":"(anonymous_8)","decl":{"start":{"line":5,"column":27},"end":{"line":5,"column":28}},"loc":{"start":{"line":5,"column":44},"end":{"line":5,"column":72}},"line":5}},"branchMap":{"0":{"loc":{"start":{"line":3,"column":26},"end":{"line":3,"column":43}},"type":"default-arg","locations":[{"start":{"line":3,"column":34},"end":{"line":3,"column":43}}],"line":3},"1":{"loc":{"start":{"line":3,"column":58},"end":{"line":3,"column":131}},"type":"cond-expr","locations":[{"start":{"line":3,"column":81},"end":{"line":3,"column":92}},{"start":{"line":3,"column":95},"end":{"line":3,"column":131}}],"line":3},"2":{"loc":{"start":{"line":4,"column":40},"end":{"line":4,"column":63}},"type":"binary-expr","locations":[{"start":{"line":4,"column":40},"end":{"line":4,"column":50}},{"start":{"line":4,"column":54},"end":{"line":4,"column":63}}],"line":4}},"s":{"0":1,"1":0,"2":0,"3":0,"4":1,"5":0,"6":0,"7":0,"8":1,"9":2,"10":1,"11":0,"12":1,"13":0},"f":{"0":0,"1":0,"2":0,"3":0,"4":0,"5":0,"6":2,"7":0,"8":0},"b":{"0":[2],"1":[0,2],"2":[0,0]},"_coverageSchema":"43e27e138ebf9cfc5966b082cf9a028302ed4184","hash":"ac63e533b3c387cc794da0b22f7b7b858a680a9a"}
,"D:\\projects\\react-app\\src\\helpers\\tests.js": {"path":"D:\\projects\\react-app\\src\\helpers\\tests.js","statementMap":{"0":{"start":{"line":4,"column":21},"end":{"line":7,"column":1}},"1":{"start":{"line":4,"column":41},"end":{"line":7,"column":1}},"2":{"start":{"line":5,"column":19},"end":{"line":5,"column":53}},"3":{"start":{"line":6,"column":1},"end":{"line":6,"column":18}},"4":{"start":{"line":9,"column":30},"end":{"line":12,"column":1}},"5":{"start":{"line":10,"column":17},"end":{"line":10,"column":54}},"6":{"start":{"line":11,"column":1},"end":{"line":11,"column":16}},"7":{"start":{"line":14,"column":26},"end":{"line":17,"column":1}},"8":{"start":{"line":15,"column":18},"end":{"line":15,"column":93}},"9":{"start":{"line":16,"column":1},"end":{"line":16,"column":17}}},"fnMap":{"0":{"name":"(anonymous_0)","decl":{"start":{"line":4,"column":21},"end":{"line":4,"column":22}},"loc":{"start":{"line":4,"column":41},"end":{"line":7,"column":1}},"line":4},"1":{"name":"(anonymous_1)","decl":{"start":{"line":4,"column":41},"end":{"line":4,"column":42}},"loc":{"start":{"line":4,"column":56},"end":{"line":7,"column":1}},"line":4},"2":{"name":"(anonymous_2)","decl":{"start":{"line":9,"column":30},"end":{"line":9,"column":31}},"loc":{"start":{"line":9,"column":51},"end":{"line":12,"column":1}},"line":9},"3":{"name":"(anonymous_3)","decl":{"start":{"line":14,"column":26},"end":{"line":14,"column":27}},"loc":{"start":{"line":14,"column":56},"end":{"line":17,"column":1}},"line":14}},"branchMap":{"0":{"loc":{"start":{"line":4,"column":22},"end":{"line":4,"column":32}},"type":"default-arg","locations":[{"start":{"line":4,"column":30},"end":{"line":4,"column":32}}],"line":4}},"s":{"0":1,"1":0,"2":0,"3":0,"4":1,"5":0,"6":0,"7":1,"8":1,"9":1},"f":{"0":0,"1":0,"2":0,"3":1},"b":{"0":[0]},"_coverageSchema":"43e27e138ebf9cfc5966b082cf9a028302ed4184","hash":"56ebe3177c6c25086678924f959623c90c7dc472"}
,"D:\\projects\\react-app\\src\\store\\store.js": {"path":"D:\\projects\\react-app\\src\\store\\store.js","statementMap":{"0":{"start":{"line":5,"column":14},"end":{"line":10,"column":1}}},"fnMap":{},"branchMap":{},"s":{"0":1},"f":{},"b":{},"_coverageSchema":"43e27e138ebf9cfc5966b082cf9a028302ed4184","hash":"1f6af534995ac995e62cfe5a1f6bca14a7c4b534"}
,"D:\\projects\\react-app\\src\\store\\reducers\\app.js": {"path":"D:\\projects\\react-app\\src\\store\\reducers\\app.js","statementMap":{"0":{"start":{"line":4,"column":17},"end":{"line":4,"column":28}},"1":{"start":{"line":5,"column":23},"end":{"line":5,"column":70}},"2":{"start":{"line":5,"column":42},"end":{"line":5,"column":69}},"3":{"start":{"line":8,"column":21},"end":{"line":8,"column":23}},"4":{"start":{"line":9,"column":12},"end":{"line":11,"column":1}},"5":{"start":{"line":10,"column":1},"end":{"line":10,"column":53}},"6":{"start":{"line":13,"column":22},"end":{"line":13,"column":40}},"7":{"start":{"line":13,"column":31},"end":{"line":13,"column":40}},"8":{"start":{"line":14,"column":26},"end":{"line":14,"column":71}},"9":{"start":{"line":14,"column":35},"end":{"line":14,"column":71}},"10":{"start":{"line":15,"column":32},"end":{"line":15,"column":84}},"11":{"start":{"line":15,"column":41},"end":{"line":15,"column":84}},"12":{"start":{"line":16,"column":31},"end":{"line":16,"column":81}},"13":{"start":{"line":16,"column":40},"end":{"line":16,"column":81}},"14":{"start":{"line":17,"column":30},"end":{"line":17,"column":83}},"15":{"start":{"line":17,"column":39},"end":{"line":17,"column":83}}},"fnMap":{"0":{"name":"(anonymous_0)","decl":{"start":{"line":5,"column":23},"end":{"line":5,"column":24}},"loc":{"start":{"line":5,"column":42},"end":{"line":5,"column":69}},"line":5},"1":{"name":"(anonymous_1)","decl":{"start":{"line":9,"column":12},"end":{"line":9,"column":13}},"loc":{"start":{"line":10,"column":1},"end":{"line":10,"column":53}},"line":10},"2":{"name":"(anonymous_2)","decl":{"start":{"line":13,"column":22},"end":{"line":13,"column":23}},"loc":{"start":{"line":13,"column":31},"end":{"line":13,"column":40}},"line":13},"3":{"name":"(anonymous_3)","decl":{"start":{"line":14,"column":26},"end":{"line":14,"column":27}},"loc":{"start":{"line":14,"column":35},"end":{"line":14,"column":71}},"line":14},"4":{"name":"(anonymous_4)","decl":{"start":{"line":15,"column":32},"end":{"line":15,"column":33}},"loc":{"start":{"line":15,"column":41},"end":{"line":15,"column":84}},"line":15},"5":{"name":"(anonymous_5)","decl":{"start":{"line":16,"column":31},"end":{"line":16,"column":32}},"loc":{"start":{"line":16,"column":40},"end":{"line":16,"column":81}},"line":16},"6":{"name":"(anonymous_6)","decl":{"start":{"line":17,"column":30},"end":{"line":17,"column":31}},"loc":{"start":{"line":17,"column":39},"end":{"line":17,"column":83}},"line":17}},"branchMap":{"0":{"loc":{"start":{"line":5,"column":24},"end":{"line":5,"column":36}},"type":"default-arg","locations":[{"start":{"line":5,"column":34},"end":{"line":5,"column":36}}],"line":5},"1":{"loc":{"start":{"line":9,"column":13},"end":{"line":9,"column":33}},"type":"default-arg","locations":[{"start":{"line":9,"column":21},"end":{"line":9,"column":33}}],"line":9},"2":{"loc":{"start":{"line":10,"column":1},"end":{"line":10,"column":53}},"type":"cond-expr","locations":[{"start":{"line":10,"column":21},"end":{"line":10,"column":45}},{"start":{"line":10,"column":48},"end":{"line":10,"column":53}}],"line":10}},"s":{"0":1,"1":1,"2":0,"3":1,"4":1,"5":4,"6":1,"7":0,"8":1,"9":0,"10":1,"11":0,"12":1,"13":0,"14":1,"15":0},"f":{"0":0,"1":4,"2":0,"3":0,"4":0,"5":0,"6":0},"b":{"0":[0],"1":[3],"2":[0,4]},"_coverageSchema":"43e27e138ebf9cfc5966b082cf9a028302ed4184","hash":"e3f7d9bd9a4f32b3b9e6ab447cb48c772a90988a"}
,"D:\\projects\\react-app\\src\\store\\reducers\\counter.js": {"path":"D:\\projects\\react-app\\src\\store\\reducers\\counter.js","statementMap":{"0":{"start":{"line":1,"column":25},"end":{"line":1,"column":37}},"1":{"start":{"line":2,"column":25},"end":{"line":2,"column":37}},"2":{"start":{"line":4,"column":24},"end":{"line":4,"column":65}},"3":{"start":{"line":4,"column":36},"end":{"line":4,"column":64}},"4":{"start":{"line":5,"column":24},"end":{"line":5,"column":65}},"5":{"start":{"line":5,"column":36},"end":{"line":5,"column":64}},"6":{"start":{"line":7,"column":21},"end":{"line":7,"column":33}},"7":{"start":{"line":8,"column":16},"end":{"line":12,"column":1}},"8":{"start":{"line":9,"column":1},"end":{"line":11,"column":8}},"9":{"start":{"line":14,"column":24},"end":{"line":14,"column":46}},"10":{"start":{"line":14,"column":33},"end":{"line":14,"column":46}}},"fnMap":{"0":{"name":"(anonymous_0)","decl":{"start":{"line":4,"column":24},"end":{"line":4,"column":25}},"loc":{"start":{"line":4,"column":36},"end":{"line":4,"column":64}},"line":4},"1":{"name":"(anonymous_1)","decl":{"start":{"line":5,"column":24},"end":{"line":5,"column":25}},"loc":{"start":{"line":5,"column":36},"end":{"line":5,"column":64}},"line":5},"2":{"name":"(anonymous_2)","decl":{"start":{"line":8,"column":16},"end":{"line":8,"column":17}},"loc":{"start":{"line":9,"column":1},"end":{"line":11,"column":8}},"line":9},"3":{"name":"(anonymous_3)","decl":{"start":{"line":14,"column":24},"end":{"line":14,"column":25}},"loc":{"start":{"line":14,"column":33},"end":{"line":14,"column":46}},"line":14}},"branchMap":{"0":{"loc":{"start":{"line":8,"column":17},"end":{"line":8,"column":37}},"type":"default-arg","locations":[{"start":{"line":8,"column":25},"end":{"line":8,"column":37}}],"line":8},"1":{"loc":{"start":{"line":9,"column":1},"end":{"line":11,"column":8}},"type":"cond-expr","locations":[{"start":{"line":9,"column":23},"end":{"line":9,"column":65}},{"start":{"line":10,"column":3},"end":{"line":11,"column":8}}],"line":9},"2":{"loc":{"start":{"line":10,"column":3},"end":{"line":11,"column":8}},"type":"cond-expr","locations":[{"start":{"line":10,"column":24},"end":{"line":10,"column":66}},{"start":{"line":11,"column":3},"end":{"line":11,"column":8}}],"line":10}},"s":{"0":3,"1":3,"2":3,"3":1,"4":3,"5":0,"6":3,"7":3,"8":7,"9":3,"10":12},"f":{"0":1,"1":0,"2":7,"3":12},"b":{"0":[4],"1":[2,5],"2":[1,4]},"_coverageSchema":"43e27e138ebf9cfc5966b082cf9a028302ed4184","hash":"aa323830bf4df7a35492eda7ddd228326a7a9e90"}
,"D:\\projects\\react-app\\src\\store\\reducers\\index.js": {"path":"D:\\projects\\react-app\\src\\store\\reducers\\index.js","statementMap":{},"fnMap":{},"branchMap":{},"s":{},"f":{},"b":{},"_coverageSchema":"43e27e138ebf9cfc5966b082cf9a028302ed4184","hash":"c347d95c5ce843c17c6e89f9971ec06875cad2f3"}
,"D:\\projects\\react-app\\src\\store\\reducers\\select.js": {"path":"D:\\projects\\react-app\\src\\store\\reducers\\select.js","statementMap":{"0":{"start":{"line":2,"column":20},"end":{"line":2,"column":34}},"1":{"start":{"line":3,"column":26},"end":{"line":3,"column":76}},"2":{"start":{"line":3,"column":45},"end":{"line":3,"column":75}},"3":{"start":{"line":6,"column":21},"end":{"line":6,"column":50}},"4":{"start":{"line":7,"column":15},"end":{"line":9,"column":1}},"5":{"start":{"line":8,"column":1},"end":{"line":8,"column":56}},"6":{"start":{"line":11,"column":25},"end":{"line":11,"column":46}},"7":{"start":{"line":11,"column":34},"end":{"line":11,"column":46}}},"fnMap":{"0":{"name":"(anonymous_0)","decl":{"start":{"line":3,"column":26},"end":{"line":3,"column":27}},"loc":{"start":{"line":3,"column":45},"end":{"line":3,"column":75}},"line":3},"1":{"name":"(anonymous_1)","decl":{"start":{"line":7,"column":15},"end":{"line":7,"column":16}},"loc":{"start":{"line":8,"column":1},"end":{"line":8,"column":56}},"line":8},"2":{"name":"(anonymous_2)","decl":{"start":{"line":11,"column":25},"end":{"line":11,"column":26}},"loc":{"start":{"line":11,"column":34},"end":{"line":11,"column":46}},"line":11}},"branchMap":{"0":{"loc":{"start":{"line":3,"column":27},"end":{"line":3,"column":39}},"type":"default-arg","locations":[{"start":{"line":3,"column":37},"end":{"line":3,"column":39}}],"line":3},"1":{"loc":{"start":{"line":7,"column":16},"end":{"line":7,"column":36}},"type":"default-arg","locations":[{"start":{"line":7,"column":24},"end":{"line":7,"column":36}}],"line":7},"2":{"loc":{"start":{"line":8,"column":1},"end":{"line":8,"column":56}},"type":"cond-expr","locations":[{"start":{"line":8,"column":24},"end":{"line":8,"column":48}},{"start":{"line":8,"column":51},"end":{"line":8,"column":56}}],"line":8}},"s":{"0":1,"1":1,"2":0,"3":1,"4":1,"5":4,"6":1,"7":0},"f":{"0":0,"1":4,"2":0},"b":{"0":[0],"1":[3],"2":[0,4]},"_coverageSchema":"43e27e138ebf9cfc5966b082cf9a028302ed4184","hash":"314cf49ce301205e37532c9ef16ec9e4cbffc610"}
}
