{"D:\\projects\\react-app\\src\\components\\Counter\\Counter.js": {"path":"D:\\projects\\react-app\\src\\components\\Counter\\Counter.js","statementMap":{"0":{"start":{"line":6,"column":16},"end":{"line":29,"column":1}},"1":{"start":{"line":7,"column":18},"end":{"line":9,"column":4}},"2":{"start":{"line":7,"column":40},"end":{"line":9,"column":2}},"3":{"start":{"line":10,"column":18},"end":{"line":10,"column":31}},"4":{"start":{"line":11,"column":26},"end":{"line":14,"column":2}},"5":{"start":{"line":12,"column":8},"end":{"line":12,"column":29}},"6":{"start":{"line":15,"column":26},"end":{"line":18,"column":2}},"7":{"start":{"line":16,"column":8},"end":{"line":16,"column":29}},"8":{"start":{"line":20,"column":1},"end":{"line":28,"column":3}},"9":{"start":{"line":31,"column":24},"end":{"line":33,"column":2}},"10":{"start":{"line":32,"column":1},"end":{"line":32,"column":69}},"11":{"start":{"line":37,"column":0},"end":{"line":41,"column":2}}},"fnMap":{"0":{"name":"(anonymous_0)","decl":{"start":{"line":6,"column":16},"end":{"line":6,"column":17}},"loc":{"start":{"line":6,"column":22},"end":{"line":29,"column":1}},"line":6},"1":{"name":"(anonymous_1)","decl":{"start":{"line":7,"column":30},"end":{"line":7,"column":31}},"loc":{"start":{"line":7,"column":40},"end":{"line":9,"column":2}},"line":7},"2":{"name":"(anonymous_2)","decl":{"start":{"line":12,"column":2},"end":{"line":12,"column":3}},"loc":{"start":{"line":12,"column":8},"end":{"line":12,"column":29}},"line":12},"3":{"name":"(anonymous_3)","decl":{"start":{"line":16,"column":2},"end":{"line":16,"column":3}},"loc":{"start":{"line":16,"column":8},"end":{"line":16,"column":29}},"line":16},"4":{"name":"(anonymous_4)","decl":{"start":{"line":31,"column":35},"end":{"line":31,"column":36}},"loc":{"start":{"line":32,"column":1},"end":{"line":32,"column":69}},"line":32}},"branchMap":{},"s":{"0":1,"1":4,"2":6,"3":4,"4":4,"5":0,"6":4,"7":0,"8":4,"9":1,"10":4,"11":1},"f":{"0":4,"1":6,"2":0,"3":0,"4":4},"b":{},"_coverageSchema":"43e27e138ebf9cfc5966b082cf9a028302ed4184","hash":"fc75ce5ef4db5eb0691c79d4436d221e0fe55fb4"}
,"D:\\projects\\react-app\\src\\helpers\\tests.js": {"path":"D:\\projects\\react-app\\src\\helpers\\tests.js","statementMap":{"0":{"start":{"line":3,"column":30},"end":{"line":6,"column":1}},"1":{"start":{"line":4,"column":17},"end":{"line":4,"column":54}},"2":{"start":{"line":5,"column":1},"end":{"line":5,"column":16}},"3":{"start":{"line":8,"column":26},"end":{"line":11,"column":1}},"4":{"start":{"line":9,"column":18},"end":{"line":9,"column":93}},"5":{"start":{"line":10,"column":1},"end":{"line":10,"column":17}}},"fnMap":{"0":{"name":"(anonymous_0)","decl":{"start":{"line":3,"column":30},"end":{"line":3,"column":31}},"loc":{"start":{"line":3,"column":51},"end":{"line":6,"column":1}},"line":3},"1":{"name":"(anonymous_1)","decl":{"start":{"line":8,"column":26},"end":{"line":8,"column":27}},"loc":{"start":{"line":8,"column":56},"end":{"line":11,"column":1}},"line":8}},"branchMap":{},"s":{"0":1,"1":0,"2":0,"3":1,"4":1,"5":1},"f":{"0":0,"1":1},"b":{},"_coverageSchema":"43e27e138ebf9cfc5966b082cf9a028302ed4184","hash":"9f89ab8ec23c9845cf10e0d713342826a3bfd6f2"}
,"D:\\projects\\react-app\\src\\store\\reducers\\counter.js": {"path":"D:\\projects\\react-app\\src\\store\\reducers\\counter.js","statementMap":{"0":{"start":{"line":1,"column":18},"end":{"line":1,"column":30}},"1":{"start":{"line":2,"column":18},"end":{"line":2,"column":30}},"2":{"start":{"line":4,"column":24},"end":{"line":4,"column":65}},"3":{"start":{"line":4,"column":36},"end":{"line":4,"column":64}},"4":{"start":{"line":5,"column":24},"end":{"line":5,"column":65}},"5":{"start":{"line":5,"column":36},"end":{"line":5,"column":64}},"6":{"start":{"line":7,"column":21},"end":{"line":7,"column":33}},"7":{"start":{"line":8,"column":16},"end":{"line":12,"column":1}},"8":{"start":{"line":9,"column":1},"end":{"line":11,"column":8}},"9":{"start":{"line":14,"column":24},"end":{"line":14,"column":46}},"10":{"start":{"line":14,"column":33},"end":{"line":14,"column":46}}},"fnMap":{"0":{"name":"(anonymous_0)","decl":{"start":{"line":4,"column":24},"end":{"line":4,"column":25}},"loc":{"start":{"line":4,"column":36},"end":{"line":4,"column":64}},"line":4},"1":{"name":"(anonymous_1)","decl":{"start":{"line":5,"column":24},"end":{"line":5,"column":25}},"loc":{"start":{"line":5,"column":36},"end":{"line":5,"column":64}},"line":5},"2":{"name":"(anonymous_2)","decl":{"start":{"line":8,"column":16},"end":{"line":8,"column":17}},"loc":{"start":{"line":9,"column":1},"end":{"line":11,"column":8}},"line":9},"3":{"name":"(anonymous_3)","decl":{"start":{"line":14,"column":24},"end":{"line":14,"column":25}},"loc":{"start":{"line":14,"column":33},"end":{"line":14,"column":46}},"line":14}},"branchMap":{"0":{"loc":{"start":{"line":8,"column":17},"end":{"line":8,"column":37}},"type":"default-arg","locations":[{"start":{"line":8,"column":25},"end":{"line":8,"column":37}}],"line":8},"1":{"loc":{"start":{"line":9,"column":1},"end":{"line":11,"column":8}},"type":"cond-expr","locations":[{"start":{"line":9,"column":23},"end":{"line":9,"column":65}},{"start":{"line":10,"column":3},"end":{"line":11,"column":8}}],"line":9},"2":{"loc":{"start":{"line":10,"column":3},"end":{"line":11,"column":8}},"type":"cond-expr","locations":[{"start":{"line":10,"column":24},"end":{"line":10,"column":66}},{"start":{"line":11,"column":3},"end":{"line":11,"column":8}}],"line":10}},"s":{"0":1,"1":1,"2":1,"3":0,"4":1,"5":0,"6":1,"7":1,"8":0,"9":1,"10":6},"f":{"0":0,"1":0,"2":0,"3":6},"b":{"0":[0],"1":[0,0],"2":[0,0]},"_coverageSchema":"43e27e138ebf9cfc5966b082cf9a028302ed4184","hash":"b559372cdfdf409bd6d135e2a17411bca9588f81"}
}
