TN:
SF:D:\projects\react-app\src\components\Counter\Counter.js
FN:6,(anonymous_0)
FN:7,(anonymous_1)
FN:12,(anonymous_2)
FN:16,(anonymous_3)
FN:31,(anonymous_4)
FNF:5
FNH:4
FNDA:7,(anonymous_0)
FNDA:11,(anonymous_1)
FNDA:1,(anonymous_2)
FNDA:0,(anonymous_3)
FNDA:9,(anonymous_4)
DA:6,2
DA:7,11
DA:10,7
DA:11,7
DA:12,1
DA:15,7
DA:16,0
DA:20,7
DA:31,2
DA:32,9
DA:37,2
LF:11
LH:10
BRF:0
BRH:0
end_of_record
TN:
SF:D:\projects\react-app\src\helpers\index.js
FN:1,(anonymous_0)
FN:1,(anonymous_1)
FN:1,(anonymous_2)
FN:2,(anonymous_3)
FN:2,(anonymous_4)
FN:2,(anonymous_5)
FN:3,(anonymous_6)
FN:4,(anonymous_7)
FN:5,(anonymous_8)
FNF:9
FNH:1
FNDA:0,(anonymous_0)
FNDA:0,(anonymous_1)
FNDA:0,(anonymous_2)
FNDA:0,(anonymous_3)
FNDA:0,(anonymous_4)
FNDA:0,(anonymous_5)
FNDA:2,(anonymous_6)
FNDA:0,(anonymous_7)
FNDA:0,(anonymous_8)
DA:1,1
DA:2,1
DA:3,2
DA:4,1
DA:5,1
LF:5
LH:5
BRDA:3,0,0,2
BRDA:3,1,0,0
BRDA:3,1,1,2
BRDA:4,2,0,0
BRDA:4,2,1,0
BRF:5
BRH:2
end_of_record
TN:
SF:D:\projects\react-app\src\helpers\tests.js
FN:4,(anonymous_0)
FN:4,(anonymous_1)
FN:9,(anonymous_2)
FN:14,(anonymous_3)
FNF:4
FNH:1
FNDA:0,(anonymous_0)
FNDA:0,(anonymous_1)
FNDA:0,(anonymous_2)
FNDA:1,(anonymous_3)
DA:4,1
DA:5,0
DA:6,0
DA:9,1
DA:10,0
DA:11,0
DA:14,1
DA:15,1
DA:16,1
LF:9
LH:5
BRDA:4,0,0,0
BRF:1
BRH:0
end_of_record
TN:
SF:D:\projects\react-app\src\store\store.js
FNF:0
FNH:0
DA:5,1
LF:1
LH:1
BRF:0
BRH:0
end_of_record
TN:
SF:D:\projects\react-app\src\store\reducers\app.js
FN:5,(anonymous_0)
FN:9,(anonymous_1)
FN:13,(anonymous_2)
FN:14,(anonymous_3)
FN:15,(anonymous_4)
FN:16,(anonymous_5)
FN:17,(anonymous_6)
FNF:7
FNH:1
FNDA:0,(anonymous_0)
FNDA:4,(anonymous_1)
FNDA:0,(anonymous_2)
FNDA:0,(anonymous_3)
FNDA:0,(anonymous_4)
FNDA:0,(anonymous_5)
FNDA:0,(anonymous_6)
DA:4,1
DA:5,1
DA:8,1
DA:9,1
DA:10,4
DA:13,1
DA:14,1
DA:15,1
DA:16,1
DA:17,1
LF:10
LH:10
BRDA:5,0,0,0
BRDA:9,1,0,3
BRDA:10,2,0,0
BRDA:10,2,1,4
BRF:4
BRH:2
end_of_record
TN:
SF:D:\projects\react-app\src\store\reducers\counter.js
FN:4,(anonymous_0)
FN:5,(anonymous_1)
FN:8,(anonymous_2)
FN:14,(anonymous_3)
FNF:4
FNH:3
FNDA:1,(anonymous_0)
FNDA:0,(anonymous_1)
FNDA:7,(anonymous_2)
FNDA:12,(anonymous_3)
DA:1,3
DA:2,3
DA:4,3
DA:5,3
DA:7,3
DA:8,3
DA:9,7
DA:14,12
LF:8
LH:8
BRDA:8,0,0,4
BRDA:9,1,0,2
BRDA:9,1,1,5
BRDA:10,2,0,1
BRDA:10,2,1,4
BRF:5
BRH:5
end_of_record
TN:
SF:D:\projects\react-app\src\store\reducers\index.js
FNF:0
FNH:0
LF:0
LH:0
BRF:0
BRH:0
end_of_record
TN:
SF:D:\projects\react-app\src\store\reducers\select.js
FN:3,(anonymous_0)
FN:7,(anonymous_1)
FN:11,(anonymous_2)
FNF:3
FNH:1
FNDA:0,(anonymous_0)
FNDA:4,(anonymous_1)
FNDA:0,(anonymous_2)
DA:2,1
DA:3,1
DA:6,1
DA:7,1
DA:8,4
DA:11,1
LF:6
LH:6
BRDA:3,0,0,0
BRDA:7,1,0,3
BRDA:8,2,0,0
BRDA:8,2,1,4
BRF:4
BRH:2
end_of_record
