TN:
SF:D:\projects\react-app\src\components\Counter\Counter.js
FN:6,(anonymous_0)
FN:7,(anonymous_1)
FN:12,(anonymous_2)
FN:16,(anonymous_3)
FN:31,(anonymous_4)
FNF:5
FNH:3
FNDA:4,(anonymous_0)
FNDA:6,(anonymous_1)
FNDA:0,(anonymous_2)
FNDA:0,(anonymous_3)
FNDA:4,(anonymous_4)
DA:6,1
DA:7,6
DA:10,4
DA:11,4
DA:12,0
DA:15,4
DA:16,0
DA:20,4
DA:31,1
DA:32,4
DA:37,1
LF:11
LH:9
BRF:0
BRH:0
end_of_record
TN:
SF:D:\projects\react-app\src\helpers\tests.js
FN:3,(anonymous_0)
FN:8,(anonymous_1)
FNF:2
FNH:1
FNDA:0,(anonymous_0)
FNDA:1,(anonymous_1)
DA:3,1
DA:4,0
DA:5,0
DA:8,1
DA:9,1
DA:10,1
LF:6
LH:4
BRF:0
BRH:0
end_of_record
TN:
SF:D:\projects\react-app\src\store\reducers\counter.js
FN:4,(anonymous_0)
FN:5,(anonymous_1)
FN:8,(anonymous_2)
FN:14,(anonymous_3)
FNF:4
FNH:1
FNDA:0,(anonymous_0)
FNDA:0,(anonymous_1)
FNDA:0,(anonymous_2)
FNDA:6,(anonymous_3)
DA:1,1
DA:2,1
DA:4,1
DA:5,1
DA:7,1
DA:8,1
DA:9,0
DA:14,6
LF:8
LH:7
BRDA:8,0,0,0
BRDA:9,1,0,0
BRDA:9,1,1,0
BRDA:10,2,0,0
BRDA:10,2,1,0
BRF:5
BRH:0
end_of_record
